<?xml version="1.0" encoding="UTF-8"?>
<!-- Generated by org.testng.reporters.JUnitXMLReporter -->
<testsuite ignored="0" hostname="Piyush" failures="0" tests="13" name="Surefire test" time="147.402" errors="0" timestamp="16 Apr. 2023 23:14:17 GMT">
  <testcase classname="com.crm.qa.testcases.ContactsPageTest" name="verifyContactsPageLabel" time="0.095"/>
  <testcase classname="com.crm.qa.testcases.FreeCrmTest" name="freeCrmTitleTest" time="24.219"/>
  <testcase classname="com.crm.qa.testcases.HomePageTest" name="verifyHomePageTitleTest" time="0.002"/>
  <testcase classname="com.crm.qa.testcases.LoginPageTest" name="loginPageTitleTest" time="0.003"/>
  <testcase classname="com.crm.qa.testcases.ContactsPageTest" name="selectSingleContactsTest" time="0.225"/>
  <testcase classname="com.crm.qa.testcases.HomePageTest" name="verifyUserNameTest" time="3.306"/>
  <testcase classname="com.crm.qa.testcases.LoginPageTest" name="crmLogoImageTest" time="0.033"/>
  <testcase classname="com.crm.qa.testcases.ContactsPageTest" name="selectMultipleContactsTest" time="0.448"/>
  <testcase classname="com.crm.qa.testcases.HomePageTest" name="verifyContactsLinkTest" time="4.997"/>
  <testcase classname="com.crm.qa.testcases.LoginPageTest" name="loginTest" time="0.112"/>
  <testcase classname="com.crm.qa.testcases.ContactsPageTest" name="validateCreateNewContact" time="3.602"/>
  <testcase classname="com.crm.qa.testcases.ContactsPageTest" name="validateCreateNewContact" time="3.305"/>
  <testcase classname="com.crm.qa.testcases.ContactsPageTest" name="validateCreateNewContact" time="3.36"/>
</testsuite> <!-- Surefire test -->
