<?xml version="1.0" encoding="UTF-8"?>
<testng-results ignored="0" total="13" passed="13" failed="0" skipped="0">
  <reporter-output>
  </reporter-output>
  <suite started-at="2023-04-16T23:11:49Z" name="Surefire suite" finished-at="2023-04-16T23:14:17Z" duration-ms="147402">
    <groups>
    </groups>
    <test started-at="2023-04-16T23:11:49Z" name="Surefire test" finished-at="2023-04-16T23:14:17Z" duration-ms="147402">
      <class name="com.crm.qa.testcases.HomePageTest">
        <test-method is-config="true" signature="setUp()[pri:0, instance:com.crm.qa.testcases.HomePageTest@32a068d1]" started-at="2023-04-16T19:12:35Z" name="setUp" finished-at="2023-04-16T19:12:39Z" duration-ms="4452" status="PASS">
          <reporter-output>
          </reporter-output>
        </test-method> <!-- setUp -->
        <test-method signature="verifyHomePageTitleTest()[pri:1, instance:com.crm.qa.testcases.HomePageTest@32a068d1]" started-at="2023-04-16T19:12:39Z" name="verifyHomePageTitleTest" finished-at="2023-04-16T19:12:39Z" duration-ms="2" status="PASS">
          <reporter-output>
          </reporter-output>
        </test-method> <!-- verifyHomePageTitleTest -->
        <test-method is-config="true" signature="tearDown()[pri:0, instance:com.crm.qa.testcases.HomePageTest@32a068d1]" started-at="2023-04-16T19:12:39Z" name="tearDown" finished-at="2023-04-16T19:12:40Z" duration-ms="576" status="PASS">
          <reporter-output>
          </reporter-output>
        </test-method> <!-- tearDown -->
        <test-method is-config="true" signature="setUp()[pri:0, instance:com.crm.qa.testcases.HomePageTest@32a068d1]" started-at="2023-04-16T19:12:55Z" name="setUp" finished-at="2023-04-16T19:12:59Z" duration-ms="4491" status="PASS">
          <reporter-output>
          </reporter-output>
        </test-method> <!-- setUp -->
        <test-method signature="verifyUserNameTest()[pri:2, instance:com.crm.qa.testcases.HomePageTest@32a068d1]" started-at="2023-04-16T19:12:59Z" name="verifyUserNameTest" finished-at="2023-04-16T19:13:03Z" duration-ms="3306" status="PASS">
          <reporter-output>
          </reporter-output>
        </test-method> <!-- verifyUserNameTest -->
        <test-method is-config="true" signature="tearDown()[pri:0, instance:com.crm.qa.testcases.HomePageTest@32a068d1]" started-at="2023-04-16T19:13:03Z" name="tearDown" finished-at="2023-04-16T19:13:03Z" duration-ms="799" status="PASS">
          <reporter-output>
          </reporter-output>
        </test-method> <!-- tearDown -->
        <test-method is-config="true" signature="setUp()[pri:0, instance:com.crm.qa.testcases.HomePageTest@32a068d1]" started-at="2023-04-16T19:13:19Z" name="setUp" finished-at="2023-04-16T19:13:23Z" duration-ms="4474" status="PASS">
          <reporter-output>
          </reporter-output>
        </test-method> <!-- setUp -->
        <test-method signature="verifyContactsLinkTest()[pri:3, instance:com.crm.qa.testcases.HomePageTest@32a068d1]" started-at="2023-04-16T19:13:23Z" name="verifyContactsLinkTest" finished-at="2023-04-16T19:13:28Z" duration-ms="4997" status="PASS">
          <reporter-output>
          </reporter-output>
        </test-method> <!-- verifyContactsLinkTest -->
        <test-method is-config="true" signature="tearDown()[pri:0, instance:com.crm.qa.testcases.HomePageTest@32a068d1]" started-at="2023-04-16T19:13:28Z" name="tearDown" finished-at="2023-04-16T19:13:29Z" duration-ms="815" status="PASS">
          <reporter-output>
          </reporter-output>
        </test-method> <!-- tearDown -->
      </class> <!-- com.crm.qa.testcases.HomePageTest -->
      <class name="com.crm.qa.testcases.ContactsPageTest">
        <test-method is-config="true" signature="setUp()[pri:0, instance:com.crm.qa.testcases.ContactsPageTest@70beb599]" started-at="2023-04-16T19:11:49Z" name="setUp" finished-at="2023-04-16T19:12:03Z" duration-ms="13360" status="PASS">
          <reporter-output>
          </reporter-output>
        </test-method> <!-- setUp -->
        <test-method signature="verifyContactsPageLabel()[pri:1, instance:com.crm.qa.testcases.ContactsPageTest@70beb599]" started-at="2023-04-16T19:12:03Z" name="verifyContactsPageLabel" finished-at="2023-04-16T19:12:03Z" duration-ms="95" status="PASS">
          <reporter-output>
          </reporter-output>
        </test-method> <!-- verifyContactsPageLabel -->
        <test-method is-config="true" signature="tearDown()[pri:0, instance:com.crm.qa.testcases.ContactsPageTest@70beb599]" started-at="2023-04-16T19:12:03Z" name="tearDown" finished-at="2023-04-16T19:12:04Z" duration-ms="1646" status="PASS">
          <reporter-output>
          </reporter-output>
        </test-method> <!-- tearDown -->
        <test-method is-config="true" signature="setUp()[pri:0, instance:com.crm.qa.testcases.ContactsPageTest@70beb599]" started-at="2023-04-16T19:12:45Z" name="setUp" finished-at="2023-04-16T19:12:54Z" duration-ms="9223" status="PASS">
          <reporter-output>
          </reporter-output>
        </test-method> <!-- setUp -->
        <test-method signature="selectSingleContactsTest()[pri:2, instance:com.crm.qa.testcases.ContactsPageTest@70beb599]" started-at="2023-04-16T19:12:54Z" name="selectSingleContactsTest" finished-at="2023-04-16T19:12:54Z" duration-ms="225" status="PASS">
          <reporter-output>
          </reporter-output>
        </test-method> <!-- selectSingleContactsTest -->
        <test-method is-config="true" signature="tearDown()[pri:0, instance:com.crm.qa.testcases.ContactsPageTest@70beb599]" started-at="2023-04-16T19:12:54Z" name="tearDown" finished-at="2023-04-16T19:12:55Z" duration-ms="783" status="PASS">
          <reporter-output>
          </reporter-output>
        </test-method> <!-- tearDown -->
        <test-method is-config="true" signature="setUp()[pri:0, instance:com.crm.qa.testcases.ContactsPageTest@70beb599]" started-at="2023-04-16T19:13:08Z" name="setUp" finished-at="2023-04-16T19:13:18Z" duration-ms="9431" status="PASS">
          <reporter-output>
          </reporter-output>
        </test-method> <!-- setUp -->
        <test-method signature="selectMultipleContactsTest()[pri:3, instance:com.crm.qa.testcases.ContactsPageTest@70beb599]" started-at="2023-04-16T19:13:18Z" name="selectMultipleContactsTest" finished-at="2023-04-16T19:13:18Z" duration-ms="448" status="PASS">
          <reporter-output>
          </reporter-output>
        </test-method> <!-- selectMultipleContactsTest -->
        <test-method is-config="true" signature="tearDown()[pri:0, instance:com.crm.qa.testcases.ContactsPageTest@70beb599]" started-at="2023-04-16T19:13:18Z" name="tearDown" finished-at="2023-04-16T19:13:19Z" duration-ms="800" status="PASS">
          <reporter-output>
          </reporter-output>
        </test-method> <!-- tearDown -->
        <test-method is-config="true" signature="setUp()[pri:0, instance:com.crm.qa.testcases.ContactsPageTest@70beb599]" started-at="2023-04-16T19:13:35Z" name="setUp" finished-at="2023-04-16T19:13:44Z" duration-ms="9486" status="PASS">
          <reporter-output>
          </reporter-output>
        </test-method> <!-- setUp -->
        <test-method signature="validateCreateNewContact(java.lang.String, java.lang.String, java.lang.String, java.lang.String)[pri:4, instance:com.crm.qa.testcases.ContactsPageTest@70beb599]" started-at="2023-04-16T19:13:44Z" name="validateCreateNewContact" data-provider="getCRMTestData" finished-at="2023-04-16T19:13:48Z" duration-ms="3602" status="PASS">
          <params>
            <param index="0">
              <value>
                <![CDATA[Mr.]]>
              </value>
            </param>
            <param index="1">
              <value>
                <![CDATA[Tom]]>
              </value>
            </param>
            <param index="2">
              <value>
                <![CDATA[Peter]]>
              </value>
            </param>
            <param index="3">
              <value>
                <![CDATA[Google]]>
              </value>
            </param>
          </params>
          <reporter-output>
          </reporter-output>
        </test-method> <!-- validateCreateNewContact -->
        <test-method is-config="true" signature="tearDown()[pri:0, instance:com.crm.qa.testcases.ContactsPageTest@70beb599]" started-at="2023-04-16T19:13:48Z" name="tearDown" finished-at="2023-04-16T19:13:49Z" duration-ms="852" status="PASS">
          <reporter-output>
          </reporter-output>
        </test-method> <!-- tearDown -->
        <test-method is-config="true" signature="setUp()[pri:0, instance:com.crm.qa.testcases.ContactsPageTest@70beb599]" started-at="2023-04-16T19:13:49Z" name="setUp" finished-at="2023-04-16T19:13:58Z" duration-ms="9490" status="PASS">
          <reporter-output>
          </reporter-output>
        </test-method> <!-- setUp -->
        <test-method signature="validateCreateNewContact(java.lang.String, java.lang.String, java.lang.String, java.lang.String)[pri:4, instance:com.crm.qa.testcases.ContactsPageTest@70beb599]" started-at="2023-04-16T19:13:58Z" name="validateCreateNewContact" data-provider="getCRMTestData" finished-at="2023-04-16T19:14:02Z" duration-ms="3305" status="PASS">
          <params>
            <param index="0">
              <value>
                <![CDATA[Dr.]]>
              </value>
            </param>
            <param index="1">
              <value>
                <![CDATA[David]]>
              </value>
            </param>
            <param index="2">
              <value>
                <![CDATA[Cris]]>
              </value>
            </param>
            <param index="3">
              <value>
                <![CDATA[Amazon]]>
              </value>
            </param>
          </params>
          <reporter-output>
          </reporter-output>
        </test-method> <!-- validateCreateNewContact -->
        <test-method is-config="true" signature="tearDown()[pri:0, instance:com.crm.qa.testcases.ContactsPageTest@70beb599]" started-at="2023-04-16T19:14:02Z" name="tearDown" finished-at="2023-04-16T19:14:03Z" duration-ms="818" status="PASS">
          <reporter-output>
          </reporter-output>
        </test-method> <!-- tearDown -->
        <test-method is-config="true" signature="setUp()[pri:0, instance:com.crm.qa.testcases.ContactsPageTest@70beb599]" started-at="2023-04-16T19:14:03Z" name="setUp" finished-at="2023-04-16T19:14:12Z" duration-ms="9724" status="PASS">
          <reporter-output>
          </reporter-output>
        </test-method> <!-- setUp -->
        <test-method signature="validateCreateNewContact(java.lang.String, java.lang.String, java.lang.String, java.lang.String)[pri:4, instance:com.crm.qa.testcases.ContactsPageTest@70beb599]" started-at="2023-04-16T19:14:12Z" name="validateCreateNewContact" data-provider="getCRMTestData" finished-at="2023-04-16T19:14:16Z" duration-ms="3360" status="PASS">
          <params>
            <param index="0">
              <value>
                <![CDATA[Mrs.]]>
              </value>
            </param>
            <param index="1">
              <value>
                <![CDATA[Mukta]]>
              </value>
            </param>
            <param index="2">
              <value>
                <![CDATA[Sharma]]>
              </value>
            </param>
            <param index="3">
              <value>
                <![CDATA[Ebay]]>
              </value>
            </param>
          </params>
          <reporter-output>
          </reporter-output>
        </test-method> <!-- validateCreateNewContact -->
        <test-method is-config="true" signature="tearDown()[pri:0, instance:com.crm.qa.testcases.ContactsPageTest@70beb599]" started-at="2023-04-16T19:14:16Z" name="tearDown" finished-at="2023-04-16T19:14:17Z" duration-ms="907" status="PASS">
          <reporter-output>
          </reporter-output>
        </test-method> <!-- tearDown -->
      </class> <!-- com.crm.qa.testcases.ContactsPageTest -->
      <class name="com.crm.qa.testcases.FreeCrmTest">
        <test-method is-config="true" signature="setUp()[pri:0, instance:com.crm.qa.testcases.FreeCrmTest@4e41089d]" started-at="2023-04-16T19:12:04Z" name="setUp" finished-at="2023-04-16T19:12:10Z" duration-ms="5431" status="PASS">
          <reporter-output>
          </reporter-output>
        </test-method> <!-- setUp -->
        <test-method signature="freeCrmTitleTest()[pri:1, instance:com.crm.qa.testcases.FreeCrmTest@4e41089d]" started-at="2023-04-16T19:12:10Z" name="freeCrmTitleTest" finished-at="2023-04-16T19:12:34Z" duration-ms="24219" status="PASS">
          <reporter-output>
          </reporter-output>
        </test-method> <!-- freeCrmTitleTest -->
        <test-method is-config="true" signature="tearDown()[pri:0, instance:com.crm.qa.testcases.FreeCrmTest@4e41089d]" started-at="2023-04-16T19:12:34Z" name="tearDown" finished-at="2023-04-16T19:12:35Z" duration-ms="797" status="PASS">
          <reporter-output>
          </reporter-output>
        </test-method> <!-- tearDown -->
      </class> <!-- com.crm.qa.testcases.FreeCrmTest -->
      <class name="com.crm.qa.testcases.LoginPageTest">
        <test-method is-config="true" signature="setUp()[pri:0, instance:com.crm.qa.testcases.LoginPageTest@33cb5951]" started-at="2023-04-16T19:12:40Z" name="setUp" finished-at="2023-04-16T19:12:44Z" duration-ms="4340" status="PASS">
          <reporter-output>
          </reporter-output>
        </test-method> <!-- setUp -->
        <test-method signature="loginPageTitleTest()[pri:1, instance:com.crm.qa.testcases.LoginPageTest@33cb5951]" started-at="2023-04-16T19:12:44Z" name="loginPageTitleTest" finished-at="2023-04-16T19:12:44Z" duration-ms="3" status="PASS">
          <reporter-output>
          </reporter-output>
        </test-method> <!-- loginPageTitleTest -->
        <test-method is-config="true" signature="tearDown()[pri:0, instance:com.crm.qa.testcases.LoginPageTest@33cb5951]" started-at="2023-04-16T19:12:44Z" name="tearDown" finished-at="2023-04-16T19:12:45Z" duration-ms="595" status="PASS">
          <reporter-output>
          </reporter-output>
        </test-method> <!-- tearDown -->
        <test-method is-config="true" signature="setUp()[pri:0, instance:com.crm.qa.testcases.LoginPageTest@33cb5951]" started-at="2023-04-16T19:13:03Z" name="setUp" finished-at="2023-04-16T19:13:08Z" duration-ms="4159" status="PASS">
          <reporter-output>
          </reporter-output>
        </test-method> <!-- setUp -->
        <test-method signature="crmLogoImageTest()[pri:2, instance:com.crm.qa.testcases.LoginPageTest@33cb5951]" started-at="2023-04-16T19:13:08Z" name="crmLogoImageTest" finished-at="2023-04-16T19:13:08Z" duration-ms="33" status="PASS">
          <reporter-output>
          </reporter-output>
        </test-method> <!-- crmLogoImageTest -->
        <test-method is-config="true" signature="tearDown()[pri:0, instance:com.crm.qa.testcases.LoginPageTest@33cb5951]" started-at="2023-04-16T19:13:08Z" name="tearDown" finished-at="2023-04-16T19:13:08Z" duration-ms="582" status="PASS">
          <reporter-output>
          </reporter-output>
        </test-method> <!-- tearDown -->
        <test-method is-config="true" signature="setUp()[pri:0, instance:com.crm.qa.testcases.LoginPageTest@33cb5951]" started-at="2023-04-16T19:13:29Z" name="setUp" finished-at="2023-04-16T19:13:34Z" duration-ms="4365" status="PASS">
          <reporter-output>
          </reporter-output>
        </test-method> <!-- setUp -->
        <test-method signature="loginTest()[pri:3, instance:com.crm.qa.testcases.LoginPageTest@33cb5951]" started-at="2023-04-16T19:13:34Z" name="loginTest" finished-at="2023-04-16T19:13:34Z" duration-ms="112" status="PASS">
          <reporter-output>
          </reporter-output>
        </test-method> <!-- loginTest -->
        <test-method is-config="true" signature="tearDown()[pri:0, instance:com.crm.qa.testcases.LoginPageTest@33cb5951]" started-at="2023-04-16T19:13:34Z" name="tearDown" finished-at="2023-04-16T19:13:34Z" duration-ms="566" status="PASS">
          <reporter-output>
          </reporter-output>
        </test-method> <!-- tearDown -->
      </class> <!-- com.crm.qa.testcases.LoginPageTest -->
    </test> <!-- Surefire test -->
  </suite> <!-- Surefire suite -->
</testng-results>
