<?xml version="1.0" encoding="UTF-8"?>
<testng-results ignored="0" total="2" passed="2" failed="0" skipped="0">
  <reporter-output>
  </reporter-output>
  <suite started-at="2023-04-17T19:55:00Z" name="Default suite" finished-at="2023-04-17T19:55:16Z" duration-ms="15819">
    <groups>
    </groups>
    <test started-at="2023-04-17T19:55:00Z" name="Default test" finished-at="2023-04-17T19:55:16Z" duration-ms="15819">
      <class name="com.tests.LoginTest">
        <test-method is-config="true" signature="setup()[pri:0, instance:com.tests.LoginTest@225129c]" started-at="2023-04-17T15:55:00Z" name="setup" finished-at="2023-04-17T15:55:07Z" duration-ms="7331" status="PASS">
          <reporter-output>
          </reporter-output>
        </test-method> <!-- setup -->
        <test-method signature="freeCrmTitleTest()[pri:1, instance:com.tests.LoginTest@225129c]" started-at="2023-04-17T15:55:07Z" name="freeCrmTitleTest" finished-at="2023-04-17T15:55:07Z" duration-ms="22" status="PASS">
          <reporter-output>
          </reporter-output>
        </test-method> <!-- freeCrmTitleTest -->
        <test-method is-config="true" signature="tearDown()[pri:0, instance:com.tests.LoginTest@225129c]" started-at="2023-04-17T15:55:07Z" name="tearDown" finished-at="2023-04-17T15:55:08Z" duration-ms="915" status="PASS">
          <reporter-output>
          </reporter-output>
        </test-method> <!-- tearDown -->
        <test-method is-config="true" signature="setup()[pri:0, instance:com.tests.LoginTest@225129c]" started-at="2023-04-17T15:55:08Z" name="setup" finished-at="2023-04-17T15:55:15Z" duration-ms="6660" status="PASS">
          <reporter-output>
          </reporter-output>
        </test-method> <!-- setup -->
        <test-method signature="freecrmLogoImageTest()[pri:2, instance:com.tests.LoginTest@225129c]" started-at="2023-04-17T15:55:15Z" name="freecrmLogoImageTest" finished-at="2023-04-17T15:55:15Z" duration-ms="43" status="PASS">
          <reporter-output>
          </reporter-output>
        </test-method> <!-- freecrmLogoImageTest -->
        <test-method is-config="true" signature="tearDown()[pri:0, instance:com.tests.LoginTest@225129c]" started-at="2023-04-17T15:55:15Z" name="tearDown" finished-at="2023-04-17T15:55:16Z" duration-ms="822" status="PASS">
          <reporter-output>
          </reporter-output>
        </test-method> <!-- tearDown -->
      </class> <!-- com.tests.LoginTest -->
    </test> <!-- Default test -->
  </suite> <!-- Default suite -->
</testng-results>
